#
# There is insufficient memory for the Java Runtime Environment to continue.
# Native memory allocation (malloc) failed to allocate 32744 bytes for ChunkPool::allocate
# Possible reasons:
#   The system is out of physical RAM or swap space
#   The process is running with CompressedOops enabled, and the Java Heap may be blocking the growth of the native heap
# Possible solutions:
#   Reduce memory load on the system
#   Increase physical memory or swap space
#   Check if swap backing store is full
#   Decrease Java heap size (-Xmx/-Xms)
#   Decrease number of Java threads
#   Decrease Java thread stack sizes (-Xss)
#   Set larger code cache with -XX:ReservedCodeCacheSize=
#   JVM is running with Unscaled Compressed Oops mode in which the Java heap is
#     placed in the first 4GB address space. The Java Heap base address is the
#     maximum limit for the native heap growth. Please use -XX:HeapBaseMinAddress
#     to set the Java Heap base and to place the Java Heap above 4GB virtual address.
# This output file may be truncated or incomplete.
#
#  Out of Memory Error (allocation.cpp:272), pid=15780, tid=0x0000000000001f38
#
# JRE version: OpenJDK Runtime Environment (8.0_212-b04) (build 1.8.0_212-release-1586-b04)
# Java VM: OpenJDK 64-Bit Server VM (25.212-b04 mixed mode windows-amd64 compressed oops)
# Failed to write core dump. Minidumps are not enabled by default on client versions of Windows
#

---------------  T H R E A D  ---------------

Current thread (0x0000000018b65000):  JavaThread "C2 CompilerThread1" daemon [_thread_in_native, id=7992, stack(0x0000000019540000,0x0000000019640000)]

Stack: [0x0000000019540000,0x0000000019640000]
[error occurred during error reporting (printing stack bounds), id 0xc0000005]

Native frames: (J=compiled Java code, j=interpreted, Vv=VM code, C=native code)


Current CompileTask:
C2:   5027 1660       4       java.io.DataOutputStream::writeShort (35 bytes)


---------------  P R O C E S S  ---------------

Java Threads: ( => current thread )
  0x0000000019d42800 JavaThread "Cache worker for file hash cache (C:\Users\Yash Varde\StudioProjects\PresidentApp\.gradle\5.6.4\fileHashes)" [_thread_blocked, id=13428, stack(0x000000001ea30000,0x000000001eb30000)]
  0x0000000019d3e800 JavaThread "Cache worker for journal cache (C:\Users\Yash Varde\.gradle\caches\journal-1)" [_thread_blocked, id=7276, stack(0x000000001d760000,0x000000001d860000)]
  0x0000000019d41800 JavaThread "File lock request listener" [_thread_in_native, id=10032, stack(0x000000001d660000,0x000000001d760000)]
  0x0000000019d45800 JavaThread "Cache worker for file hash cache (C:\Users\Yash Varde\.gradle\caches\5.6.4\fileHashes)" [_thread_blocked, id=4484, stack(0x000000001d560000,0x000000001d660000)]
  0x000000001b665000 JavaThread "Thread-9" [_thread_blocked, id=5324, stack(0x000000001d460000,0x000000001d560000)]
  0x000000001b667000 JavaThread "Stdin handler" [_thread_blocked, id=7228, stack(0x000000001d360000,0x000000001d460000)]
  0x000000001b652000 JavaThread "Asynchronous log dispatcher for DefaultDaemonConnection: socket connection from /127.0.0.1:50882 to /127.0.0.1:50883" [_thread_blocked, id=6956, stack(0x000000001d160000,0x000000001d260000)]
  0x000000001b648800 JavaThread "Daemon worker" [_thread_in_Java, id=4632, stack(0x000000001d060000,0x000000001d160000)]
  0x000000001b645800 JavaThread "Cancel handler" [_thread_blocked, id=11840, stack(0x000000001cf60000,0x000000001d060000)]
  0x000000001b380000 JavaThread "Handler for socket connection from /127.0.0.1:50882 to /127.0.0.1:50883" [_thread_in_native, id=13732, stack(0x000000001cc60000,0x000000001cd60000)]
  0x000000001b4be000 JavaThread "Daemon" [_thread_blocked, id=2368, stack(0x000000001cb60000,0x000000001cc60000)]
  0x000000001b07d800 JavaThread "Daemon periodic checks" [_thread_blocked, id=1988, stack(0x000000001ca60000,0x000000001cb60000)]
  0x000000001b07b000 JavaThread "Incoming local TCP Connector on port 50882" [_thread_in_native, id=13412, stack(0x000000001c820000,0x000000001c920000)]
  0x000000001a535000 JavaThread "Daemon health stats" [_thread_blocked, id=248, stack(0x000000001c1e0000,0x000000001c2e0000)]
  0x0000000018c07000 JavaThread "Service Thread" daemon [_thread_blocked, id=5872, stack(0x0000000019840000,0x0000000019940000)]
  0x0000000018b79000 JavaThread "C1 CompilerThread3" daemon [_thread_blocked, id=7076, stack(0x0000000019740000,0x0000000019840000)]
  0x0000000018b6e800 JavaThread "C2 CompilerThread2" daemon [_thread_in_native, id=13524, stack(0x0000000019640000,0x0000000019740000)]
=>0x0000000018b65000 JavaThread "C2 CompilerThread1" daemon [_thread_in_native, id=7992, stack(0x0000000019540000,0x0000000019640000)]
  0x0000000018b75000 JavaThread "C2 CompilerThread0" daemon [_thread_in_native, id=10016, stack(0x0000000019440000,0x0000000019540000)]
  0x0000000018b74800 JavaThread "Attach Listener" daemon [_thread_blocked, id=13280, stack(0x0000000019340000,0x0000000019440000)]
  0x0000000018b73800 JavaThread "Signal Dispatcher" daemon [_thread_blocked, id=4880, stack(0x0000000019240000,0x0000000019340000)]
  0x0000000002ef9800 JavaThread "Finalizer" daemon [_thread_blocked, id=9784, stack(0x0000000019040000,0x0000000019140000)]
  0x0000000016d7c800 JavaThread "Reference Handler" daemon [_thread_blocked, id=9928, stack(0x0000000018f40000,0x0000000019040000)]
  0x0000000002fbe800 JavaThread "main" [_thread_blocked, id=15664, stack(0x0000000002cc0000,0x0000000002dc0000)]

Other Threads:
  0x0000000016d75800 VMThread [stack: 0x0000000018a40000,0x0000000018b40000] [id=14112]
  0x0000000018c07800 WatcherThread [stack: 0x0000000019940000,0x0000000019a40000] [id=11376]

VM state:not at safepoint (normal execution)

VM Mutex/Monitor currently owned by a thread: None

heap address: 0x00000000a0000000, size: 1536 MB, Compressed Oops mode: 32-bit
Narrow klass base: 0x0000000000000000, Narrow klass shift: 3
Compressed class space size: 1073741824 Address: 0x0000000100000000

Heap:
 PSYoungGen      total 38400K, used 11137K [0x00000000e0000000, 0x00000000e5600000, 0x0000000100000000)
  eden space 33280K, 18% used [0x00000000e0000000,0x00000000e05e8588,0x00000000e2080000)
  from space 5120K, 99% used [0x00000000e2080000,0x00000000e2578040,0x00000000e2580000)
  to   space 10752K, 0% used [0x00000000e4b80000,0x00000000e4b80000,0x00000000e5600000)
 ParOldGen       total 87552K, used 7564K [0x00000000a0000000, 0x00000000a5580000, 0x00000000e0000000)
  object space 87552K, 8% used [0x00000000a0000000,0x00000000a0763038,0x00000000a5580000)
 Metaspace       used 18154K, capacity 18608K, committed 18944K, reserved 1064960K
  class space    used 2614K, capacity 2756K, committed 2816K, reserved 1048576K

Card table byte_map: [0x0000000012380000,0x0000000012690000] byte_map_base: 0x0000000011e80000

Marking Bits: (ParMarkBitMap*) 0x00000000622d9f30
 Begin Bits: [0x0000000013090000, 0x0000000014890000)
 End Bits:   [0x0000000014890000, 0x0000000016090000)

Polling page: 0x00000000010a0000

CodeCache: size=245760Kb used=5728Kb max_used=5728Kb free=240031Kb
 bounds [0x0000000002fc0000, 0x0000000003560000, 0x0000000011fc0000]
 total_blobs=2064 nmethods=1659 adapters=318
 compilation: enabled

Compilation events (10 events):
Event: 5.009 Thread 0x0000000018b79000 nmethod 1657 0x0000000003551e90 code [0x0000000003552000, 0x0000000003552270]
Event: 5.013 Thread 0x0000000018b79000 1658       3       java.util.concurrent.locks.ReentrantLock$NonfairSync::<init> (5 bytes)
Event: 5.013 Thread 0x0000000018b79000 nmethod 1658 0x0000000003551910 code [0x0000000003551a80, 0x0000000003551d50]
Event: 5.013 Thread 0x0000000018b79000 1659       3       sun.misc.ProxyGenerator$ConstantPool::getFieldRef (33 bytes)
Event: 5.014 Thread 0x0000000018b65000 1660       4       java.io.DataOutputStream::writeShort (35 bytes)
Event: 5.015 Thread 0x0000000018b79000 nmethod 1659 0x0000000003557ad0 code [0x0000000003557d60, 0x0000000003558b08]
Event: 5.016 Thread 0x0000000018b79000 1661       3       java.lang.System::getProperty (25 bytes)
Event: 5.017 Thread 0x0000000018b79000 nmethod 1661 0x0000000003559610 code [0x00000000035597e0, 0x0000000003559e48]
Event: 5.017 Thread 0x0000000018b79000 1662       3       java.security.MessageDigest::update (14 bytes)
Event: 5.017 Thread 0x0000000018b79000 nmethod 1662 0x000000000355a0d0 code [0x000000000355a240, 0x000000000355a488]

GC Heap History (10 events):
Event: 1.454 GC heap before
{Heap before GC invocations=1 (full 0):
 PSYoungGen      total 38400K, used 33280K [0x00000000e0000000, 0x00000000e2a80000, 0x0000000100000000)
  eden space 33280K, 100% used [0x00000000e0000000,0x00000000e2080000,0x00000000e2080000)
  from space 5120K, 0% used [0x00000000e2580000,0x00000000e2580000,0x00000000e2a80000)
  to   space 5120K, 0% used [0x00000000e2080000,0x00000000e2080000,0x00000000e2580000)
 ParOldGen       total 87552K, used 0K [0x00000000a0000000, 0x00000000a5580000, 0x00000000e0000000)
  object space 87552K, 0% used [0x00000000a0000000,0x00000000a0000000,0x00000000a5580000)
 Metaspace       used 7028K, capacity 7280K, committed 7424K, reserved 1056768K
  class space    used 857K, capacity 940K, committed 1024K, reserved 1048576K
Event: 1.462 GC heap after
Heap after GC invocations=1 (full 0):
 PSYoungGen      total 38400K, used 4399K [0x00000000e0000000, 0x00000000e2a80000, 0x0000000100000000)
  eden space 33280K, 0% used [0x00000000e0000000,0x00000000e0000000,0x00000000e2080000)
  from space 5120K, 85% used [0x00000000e2080000,0x00000000e24cbee0,0x00000000e2580000)
  to   space 5120K, 0% used [0x00000000e2580000,0x00000000e2580000,0x00000000e2a80000)
 ParOldGen       total 87552K, used 16K [0x00000000a0000000, 0x00000000a5580000, 0x00000000e0000000)
  object space 87552K, 0% used [0x00000000a0000000,0x00000000a0004000,0x00000000a5580000)
 Metaspace       used 7028K, capacity 7280K, committed 7424K, reserved 1056768K
  class space    used 857K, capacity 940K, committed 1024K, reserved 1048576K
}
Event: 1.857 GC heap before
{Heap before GC invocations=2 (full 0):
 PSYoungGen      total 38400K, used 37679K [0x00000000e0000000, 0x00000000e2a80000, 0x0000000100000000)
  eden space 33280K, 100% used [0x00000000e0000000,0x00000000e2080000,0x00000000e2080000)
  from space 5120K, 85% used [0x00000000e2080000,0x00000000e24cbee0,0x00000000e2580000)
  to   space 5120K, 0% used [0x00000000e2580000,0x00000000e2580000,0x00000000e2a80000)
 ParOldGen       total 87552K, used 16K [0x00000000a0000000, 0x00000000a5580000, 0x00000000e0000000)
  object space 87552K, 0% used [0x00000000a0000000,0x00000000a0004000,0x00000000a5580000)
 Metaspace       used 7266K, capacity 7528K, committed 7680K, reserved 1056768K
  class space    used 889K, capacity 980K, committed 1024K, reserved 1048576K
Event: 1.863 GC heap after
Heap after GC invocations=2 (full 0):
 PSYoungGen      total 38400K, used 3341K [0x00000000e0000000, 0x00000000e2a80000, 0x0000000100000000)
  eden space 33280K, 0% used [0x00000000e0000000,0x00000000e0000000,0x00000000e2080000)
  from space 5120K, 65% used [0x00000000e2580000,0x00000000e28c36d0,0x00000000e2a80000)
  to   space 5120K, 0% used [0x00000000e2080000,0x00000000e2080000,0x00000000e2580000)
 ParOldGen       total 87552K, used 24K [0x00000000a0000000, 0x00000000a5580000, 0x00000000e0000000)
  object space 87552K, 0% used [0x00000000a0000000,0x00000000a0006000,0x00000000a5580000)
 Metaspace       used 7266K, capacity 7528K, committed 7680K, reserved 1056768K
  class space    used 889K, capacity 980K, committed 1024K, reserved 1048576K
}
Event: 3.845 GC heap before
{Heap before GC invocations=3 (full 0):
 PSYoungGen      total 38400K, used 36621K [0x00000000e0000000, 0x00000000e2a80000, 0x0000000100000000)
  eden space 33280K, 100% used [0x00000000e0000000,0x00000000e2080000,0x00000000e2080000)
  from space 5120K, 65% used [0x00000000e2580000,0x00000000e28c36d0,0x00000000e2a80000)
  to   space 5120K, 0% used [0x00000000e2080000,0x00000000e2080000,0x00000000e2580000)
 ParOldGen       total 87552K, used 24K [0x00000000a0000000, 0x00000000a5580000, 0x00000000e0000000)
  object space 87552K, 0% used [0x00000000a0000000,0x00000000a0006000,0x00000000a5580000)
 Metaspace       used 12278K, capacity 12666K, committed 12800K, reserved 1060864K
  class space    used 1642K, capacity 1771K, committed 1792K, reserved 1048576K
Event: 3.854 GC heap after
Heap after GC invocations=3 (full 0):
 PSYoungGen      total 38400K, used 5088K [0x00000000e0000000, 0x00000000e2a80000, 0x0000000100000000)
  eden space 33280K, 0% used [0x00000000e0000000,0x00000000e0000000,0x00000000e2080000)
  from space 5120K, 99% used [0x00000000e2080000,0x00000000e2578020,0x00000000e2580000)
  to   space 5120K, 0% used [0x00000000e2580000,0x00000000e2580000,0x00000000e2a80000)
 ParOldGen       total 87552K, used 1455K [0x00000000a0000000, 0x00000000a5580000, 0x00000000e0000000)
  object space 87552K, 1% used [0x00000000a0000000,0x00000000a016bd68,0x00000000a5580000)
 Metaspace       used 12278K, capacity 12666K, committed 12800K, reserved 1060864K
  class space    used 1642K, capacity 1771K, committed 1792K, reserved 1048576K
}
Event: 4.295 GC heap before
{Heap before GC invocations=4 (full 0):
 PSYoungGen      total 38400K, used 38368K [0x00000000e0000000, 0x00000000e2a80000, 0x0000000100000000)
  eden space 33280K, 100% used [0x00000000e0000000,0x00000000e2080000,0x00000000e2080000)
  from space 5120K, 99% used [0x00000000e2080000,0x00000000e2578020,0x00000000e2580000)
  to   space 5120K, 0% used [0x00000000e2580000,0x00000000e2580000,0x00000000e2a80000)
 ParOldGen       total 87552K, used 1455K [0x00000000a0000000, 0x00000000a5580000, 0x00000000e0000000)
  object space 87552K, 1% used [0x00000000a0000000,0x00000000a016bd68,0x00000000a5580000)
 Metaspace       used 14588K, capacity 14978K, committed 15232K, reserved 1062912K
  class space    used 2040K, capacity 2159K, committed 2176K, reserved 1048576K
Event: 4.306 GC heap after
Heap after GC invocations=4 (full 0):
 PSYoungGen      total 38400K, used 5104K [0x00000000e0000000, 0x00000000e4b00000, 0x0000000100000000)
  eden space 33280K, 0% used [0x00000000e0000000,0x00000000e0000000,0x00000000e2080000)
  from space 5120K, 99% used [0x00000000e2580000,0x00000000e2a7c030,0x00000000e2a80000)
  to   space 5120K, 0% used [0x00000000e2080000,0x00000000e2080000,0x00000000e2580000)
 ParOldGen       total 87552K, used 3963K [0x00000000a0000000, 0x00000000a5580000, 0x00000000e0000000)
  object space 87552K, 4% used [0x00000000a0000000,0x00000000a03deef8,0x00000000a5580000)
 Metaspace       used 14588K, capacity 14978K, committed 15232K, reserved 1062912K
  class space    used 2040K, capacity 2159K, committed 2176K, reserved 1048576K
}
Event: 4.913 GC heap before
{Heap before GC invocations=5 (full 0):
 PSYoungGen      total 38400K, used 38384K [0x00000000e0000000, 0x00000000e4b00000, 0x0000000100000000)
  eden space 33280K, 100% used [0x00000000e0000000,0x00000000e2080000,0x00000000e2080000)
  from space 5120K, 99% used [0x00000000e2580000,0x00000000e2a7c030,0x00000000e2a80000)
  to   space 5120K, 0% used [0x00000000e2080000,0x00000000e2080000,0x00000000e2580000)
 ParOldGen       total 87552K, used 3963K [0x00000000a0000000, 0x00000000a5580000, 0x00000000e0000000)
  object space 87552K, 4% used [0x00000000a0000000,0x00000000a03deef8,0x00000000a5580000)
 Metaspace       used 17619K, capacity 18030K, committed 18432K, reserved 1064960K
  class space    used 2527K, capacity 2691K, committed 2816K, reserved 1048576K
Event: 4.924 GC heap after
Heap after GC invocations=5 (full 0):
 PSYoungGen      total 38400K, used 5088K [0x00000000e0000000, 0x00000000e5600000, 0x0000000100000000)
  eden space 33280K, 0% used [0x00000000e0000000,0x00000000e0000000,0x00000000e2080000)
  from space 5120K, 99% used [0x00000000e2080000,0x00000000e2578040,0x00000000e2580000)
  to   space 10752K, 0% used [0x00000000e4b80000,0x00000000e4b80000,0x00000000e5600000)
 ParOldGen       total 87552K, used 7564K [0x00000000a0000000, 0x00000000a5580000, 0x00000000e0000000)
  object space 87552K, 8% used [0x00000000a0000000,0x00000000a0763038,0x00000000a5580000)
 Metaspace       used 17619K, capacity 18030K, committed 18432K, reserved 1064960K
  class space    used 2527K, capacity 2691K, committed 2816K, reserved 1048576K
}

Deoptimization events (10 events):
Event: 3.774 Thread 0x000000001b648800 Uncommon trap: reason=bimorphic action=maybe_recompile pc=0x0000000003259fbc method=java.util.HashMap.putVal(ILjava/lang/Object;Ljava/lang/Object;ZZ)Ljava/lang/Object; @ 253
Event: 3.774 Thread 0x000000001b648800 Uncommon trap: reason=bimorphic action=maybe_recompile pc=0x0000000003259fbc method=java.util.HashMap.putVal(ILjava/lang/Object;Ljava/lang/Object;ZZ)Ljava/lang/Object; @ 253
Event: 3.774 Thread 0x000000001b648800 Uncommon trap: reason=class_check action=maybe_recompile pc=0x000000000321358c method=java.util.HashMap.putVal(ILjava/lang/Object;Ljava/lang/Object;ZZ)Ljava/lang/Object; @ 203
Event: 4.069 Thread 0x000000001b648800 Uncommon trap: reason=class_check action=maybe_recompile pc=0x00000000032a6298 method=java.util.regex.Matcher.match(II)Z @ 86
Event: 4.089 Thread 0x000000001b648800 Uncommon trap: reason=class_check action=maybe_recompile pc=0x00000000032a6298 method=java.util.regex.Matcher.match(II)Z @ 86
Event: 4.090 Thread 0x000000001b648800 Uncommon trap: reason=class_check action=maybe_recompile pc=0x00000000032a6298 method=java.util.regex.Matcher.match(II)Z @ 86
Event: 4.090 Thread 0x000000001b648800 Uncommon trap: reason=class_check action=maybe_recompile pc=0x0000000003130a1c method=java.util.regex.Matcher.match(II)Z @ 86
Event: 4.458 Thread 0x000000001b648800 Uncommon trap: reason=unstable_if action=reinterpret pc=0x000000000346b8b4 method=java.lang.String.lastIndexOf([CII[CIII)I @ 66
Event: 4.607 Thread 0x000000001b648800 Uncommon trap: reason=unstable_if action=reinterpret pc=0x00000000034635f4 method=java.util.HashMap.putVal(ILjava/lang/Object;Ljava/lang/Object;ZZ)Ljava/lang/Object; @ 236
Event: 5.017 Thread 0x000000001b648800 Uncommon trap: reason=unstable_if action=reinterpret pc=0x00000000032a52d8 method=java.io.File.getName()Ljava/lang/String; @ 16

Classes redefined (0 events):
No events

Internal exceptions (10 events):
Event: 3.713 Thread 0x000000001b380000 Exception <a 'java/lang/NoSuchMethodError': <clinit>> (0x00000000e1a8fa60) thrown at [D:\src\AOSP-openjdk-cygwin\jdk8u\hotspot\src\share\vm\prims\jni.cpp, line 1614]
Event: 3.714 Thread 0x000000001b380000 Exception <a 'java/lang/NoSuchMethodError': <clinit>> (0x00000000e1a986f0) thrown at [D:\src\AOSP-openjdk-cygwin\jdk8u\hotspot\src\share\vm\prims\jni.cpp, line 1614]
Event: 3.716 Thread 0x000000001b380000 Exception <a 'java/lang/NoSuchMethodError': <clinit>> (0x00000000e1aaedb0) thrown at [D:\src\AOSP-openjdk-cygwin\jdk8u\hotspot\src\share\vm\prims\jni.cpp, line 1614]
Event: 3.729 Thread 0x000000001b380000 Exception <a 'java/lang/NoSuchMethodError': <clinit>> (0x00000000e1b0d080) thrown at [D:\src\AOSP-openjdk-cygwin\jdk8u\hotspot\src\share\vm\prims\jni.cpp, line 1614]
Event: 3.735 Thread 0x000000001b380000 Exception <a 'java/lang/NoSuchMethodError': <clinit>> (0x00000000e1b39de8) thrown at [D:\src\AOSP-openjdk-cygwin\jdk8u\hotspot\src\share\vm\prims\jni.cpp, line 1614]
Event: 3.742 Thread 0x000000001b380000 Exception <a 'java/lang/NoSuchMethodError': <clinit>> (0x00000000e1b68268) thrown at [D:\src\AOSP-openjdk-cygwin\jdk8u\hotspot\src\share\vm\prims\jni.cpp, line 1614]
Event: 3.743 Thread 0x000000001b380000 Exception <a 'java/lang/NoSuchMethodError': <clinit>> (0x00000000e1b73670) thrown at [D:\src\AOSP-openjdk-cygwin\jdk8u\hotspot\src\share\vm\prims\jni.cpp, line 1614]
Event: 4.415 Thread 0x000000001b648800 Exception <a 'java/lang/NoSuchMethodError': java.lang.Object.lambda$and$0(Ljava/util/function/Predicate;Ljava/lang/Object;)Z> (0x00000000e0732a20) thrown at [D:\src\AOSP-openjdk-cygwin\jdk8u\hotspot\src\share\vm\interpreter\linkResolver.cpp, line 620]
Event: 4.427 Thread 0x000000001b648800 Exception <a 'java/lang/IncompatibleClassChangeError': Found class java.lang.Object, but interface was expected> (0x00000000e0748d10) thrown at [D:\src\AOSP-openjdk-cygwin\jdk8u\hotspot\src\share\vm\interpreter\linkResolver.cpp, line 653]
Event: 4.431 Thread 0x000000001b648800 Exception <a 'java/lang/NoSuchMethodError': java.lang.Object.lambda$or$2(Ljava/util/function/Predicate;Ljava/lang/Object;)Z> (0x00000000e074dc20) thrown at [D:\src\AOSP-openjdk-cygwin\jdk8u\hotspot\src\share\vm\interpreter\linkResolver.cpp, line 620]

Events (10 events):
Event: 5.022 loading class org/gradle/internal/operations/BuildOperationDescriptor
Event: 5.022 loading class org/gradle/internal/operations/BuildOperationDescriptor done
Event: 5.023 loading class org/gradle/internal/operations/BuildOperationDescriptor$Builder
Event: 5.023 loading class org/gradle/internal/operations/BuildOperationDescriptor$Builder done
Event: 5.024 loading class org/gradle/internal/operations/BuildOperationCategory
Event: 5.024 loading class org/gradle/internal/operations/BuildOperationCategory done
Event: 5.024 loading class org/gradle/internal/operations/DefaultBuildOperationExecutor$1
Event: 5.024 loading class org/gradle/internal/operations/DefaultBuildOperationExecutor$1 done
Event: 5.025 loading class org/gradle/internal/operations/BuildOperationContext
Event: 5.025 loading class org/gradle/internal/operations/BuildOperationContext done


Dynamic libraries:
0x00007ff6a57a0000 - 0x00007ff6a57d1000 	C:\Program Files\Android\Android Studio\jre\bin\java.exe
0x00007ffa9bb60000 - 0x00007ffa9bd50000 	C:\WINDOWS\SYSTEM32\ntdll.dll
0x00007ffa9b030000 - 0x00007ffa9b0e2000 	C:\WINDOWS\System32\KERNEL32.DLL
0x00007ffa99450000 - 0x00007ffa996f3000 	C:\WINDOWS\System32\KERNELBASE.dll
0x00007ffa99c30000 - 0x00007ffa99cd3000 	C:\WINDOWS\System32\ADVAPI32.dll
0x00007ffa9aa80000 - 0x00007ffa9ab1e000 	C:\WINDOWS\System32\msvcrt.dll
0x00007ffa99ce0000 - 0x00007ffa99d77000 	C:\WINDOWS\System32\sechost.dll
0x00007ffa99e70000 - 0x00007ffa99f90000 	C:\WINDOWS\System32\RPCRT4.dll
0x00007ffa99f90000 - 0x00007ffa9a124000 	C:\WINDOWS\System32\USER32.dll
0x00007ffa99be0000 - 0x00007ffa99c01000 	C:\WINDOWS\System32\win32u.dll
0x00007ffa9b7d0000 - 0x00007ffa9b7f6000 	C:\WINDOWS\System32\GDI32.dll
0x00007ffa999a0000 - 0x00007ffa99b34000 	C:\WINDOWS\System32\gdi32full.dll
0x00007ffa99b40000 - 0x00007ffa99bde000 	C:\WINDOWS\System32\msvcp_win.dll
0x00007ffa99730000 - 0x00007ffa9982a000 	C:\WINDOWS\System32\ucrtbase.dll
0x00007ffa87610000 - 0x00007ffa87895000 	C:\WINDOWS\WinSxS\amd64_microsoft.windows.common-controls_6595b64144ccf1df_6.0.18362.720_none_e6beb5c51314836b\COMCTL32.dll
0x00007ffa9ac20000 - 0x00007ffa9af56000 	C:\WINDOWS\System32\combase.dll
0x00007ffa992d0000 - 0x00007ffa99350000 	C:\WINDOWS\System32\bcryptPrimitives.dll
0x00007ffa9ab20000 - 0x00007ffa9ab4e000 	C:\WINDOWS\System32\IMM32.DLL
0x00000000627b0000 - 0x0000000062882000 	C:\Program Files\Android\Android Studio\jre\jre\bin\msvcr100.dll
0x0000000061b10000 - 0x0000000062356000 	C:\Program Files\Android\Android Studio\jre\jre\bin\server\jvm.dll
0x00007ffa99df0000 - 0x00007ffa99df8000 	C:\WINDOWS\System32\PSAPI.DLL
0x00007ffa91b70000 - 0x00007ffa91b79000 	C:\WINDOWS\SYSTEM32\WSOCK32.dll
0x00007ffa9a900000 - 0x00007ffa9a96f000 	C:\WINDOWS\System32\WS2_32.dll
0x00007ffa963f0000 - 0x00007ffa96414000 	C:\WINDOWS\SYSTEM32\WINMM.dll
0x00007ffa90eb0000 - 0x00007ffa90eba000 	C:\WINDOWS\SYSTEM32\VERSION.dll
0x00007ffa95d00000 - 0x00007ffa95d2d000 	C:\WINDOWS\SYSTEM32\winmmbase.dll
0x00007ffa99400000 - 0x00007ffa9944a000 	C:\WINDOWS\System32\cfgmgr32.dll
0x00007ffa8f230000 - 0x00007ffa8f23f000 	C:\Program Files\Android\Android Studio\jre\jre\bin\verify.dll
0x00007ffa892c0000 - 0x00007ffa892e9000 	C:\Program Files\Android\Android Studio\jre\jre\bin\java.dll
0x00007ffa83f60000 - 0x00007ffa83f76000 	C:\Program Files\Android\Android Studio\jre\jre\bin\zip.dll
0x00007ffa9a130000 - 0x00007ffa9a815000 	C:\WINDOWS\System32\SHELL32.dll
0x00007ffa9b0f0000 - 0x00007ffa9b199000 	C:\WINDOWS\System32\shcore.dll
0x00007ffa98b50000 - 0x00007ffa992d0000 	C:\WINDOWS\System32\windows.storage.dll
0x00007ffa98aa0000 - 0x00007ffa98ac3000 	C:\WINDOWS\System32\profapi.dll
0x00007ffa98a50000 - 0x00007ffa98a9a000 	C:\WINDOWS\System32\powrprof.dll
0x00007ffa98a20000 - 0x00007ffa98a30000 	C:\WINDOWS\System32\UMPDC.dll
0x00007ffa99d90000 - 0x00007ffa99de2000 	C:\WINDOWS\System32\shlwapi.dll
0x00007ffa98ad0000 - 0x00007ffa98ae1000 	C:\WINDOWS\System32\kernel.appcore.dll
0x00007ffa99830000 - 0x00007ffa99847000 	C:\WINDOWS\System32\cryptsp.dll
0x00007ffa8ff90000 - 0x00007ffa8ffaa000 	C:\Program Files\Android\Android Studio\jre\jre\bin\net.dll
0x00007ffa89680000 - 0x00007ffa89855000 	C:\WINDOWS\SYSTEM32\urlmon.dll
0x00007ffa89ed0000 - 0x00007ffa8a176000 	C:\WINDOWS\SYSTEM32\iertutil.dll
0x00007ffa98460000 - 0x00007ffa9846c000 	C:\WINDOWS\SYSTEM32\CRYPTBASE.DLL
0x00007ffa98290000 - 0x00007ffa982f7000 	C:\WINDOWS\system32\mswsock.dll
0x00007ffa900f0000 - 0x00007ffa90103000 	C:\Program Files\Android\Android Studio\jre\jre\bin\nio.dll
0x00007ffa79eb0000 - 0x00007ffa79ed6000 	C:\Users\Yash Varde\.gradle\native\30\windows-amd64\native-platform.dll
0x00007ffa94db0000 - 0x00007ffa94dbd000 	C:\Program Files\Android\Android Studio\jre\jre\bin\management.dll
0x00007ffa97da0000 - 0x00007ffa97dd3000 	C:\WINDOWS\system32\rsaenh.dll
0x00007ffa99700000 - 0x00007ffa99726000 	C:\WINDOWS\System32\bcrypt.dll
0x00007ffa98940000 - 0x00007ffa98965000 	C:\WINDOWS\SYSTEM32\USERENV.dll
0x00007ffa97fa0000 - 0x00007ffa97fda000 	C:\WINDOWS\SYSTEM32\IPHLPAPI.DLL
0x00007ffa9bb10000 - 0x00007ffa9bb18000 	C:\WINDOWS\System32\NSI.dll
0x00007ffa925b0000 - 0x00007ffa925c6000 	C:\WINDOWS\SYSTEM32\dhcpcsvc6.DLL
0x00007ffa91b20000 - 0x00007ffa91b3c000 	C:\WINDOWS\SYSTEM32\dhcpcsvc.DLL
0x00007ffa97fe0000 - 0x00007ffa980aa000 	C:\WINDOWS\SYSTEM32\DNSAPI.dll

VM Arguments:
jvm_args: -Xmx1536m -Dfile.encoding=windows-1252 -Duser.country=IN -Duser.language=en -Duser.variant 
java_command: org.gradle.launcher.daemon.bootstrap.GradleDaemon 5.6.4
java_class_path (initial): C:\Users\Yash Varde\.gradle\wrapper\dists\gradle-5.6.4-all\ankdp27end7byghfw1q2sw75f\gradle-5.6.4\lib\gradle-launcher-5.6.4.jar
Launcher Type: SUN_STANDARD

Environment Variables:
PATH=C:\Python27\;C:\Python27\Scripts;C:\Windows\system32;C:\Windows;C:\Windows\System32\Wbem;C:\Windows\System32\WindowsPowerShell\v1.0\;C:\Windows\System32\OpenSSH\;C:\Program Files (x86)\NVIDIA Corporation\PhysX\Common;C:\Program Files\NVIDIA Corporation\NVIDIA NvDLISR;C:\Program Files\PuTTY\;C:\WINDOWS\system32;C:\WINDOWS;C:\WINDOWS\System32\Wbem;C:\WINDOWS\System32\WindowsPowerShell\v1.0\;C:\WINDOWS\System32\OpenSSH\;C:\Program Files\nodejs\;C:\ProgramData\chocolatey\bin;C:\Program Files\Git\cmd;C:\Users\Yash Varde\AppData\Local\Microsoft\WindowsApps;C:\Program Files (x86)\Nmap;C:\Users\Yash Varde\AppData\Local\GitHubDesktop\bin;C:\Users\Yash Varde\AppData\Local\Programs\Microsoft VS Code\bin;C:\Users\Yash Varde\AppData\Local\Microsoft\WindowsApps;C:\Users\Yash Varde\AppData\Roaming\npm
USERNAME=Yash Varde
OS=Windows_NT
PROCESSOR_IDENTIFIER=Intel64 Family 6 Model 142 Stepping 10, GenuineIntel



---------------  S Y S T E M  ---------------

OS: Windows 10.0 , 64 bit Build 18362 (10.0.18362.329)

CPU:total 8 (initial active 8) (4 cores per cpu, 2 threads per core) family 6 model 142 stepping 10, cmov, cx8, fxsr, mmx, sse, sse2, sse3, ssse3, sse4.1, sse4.2, popcnt, avx, avx2, aes, clmul, erms, 3dnowpref, lzcnt, ht, tsc, tscinvbit, bmi1, bmi2, adx

Memory: 4k page, physical 8295652k(251192k free), swap 33461476k(4172k free)

vm_info: OpenJDK 64-Bit Server VM (25.212-b04) for windows-amd64 JRE (1.8.0_212-release-1586-b04), built by "builder" with MS VC++ 10.0 (VS2010)

time: Mon Mar 16 12:26:15 2020
timezone: India Standard Time
elapsed time: 5 seconds (0d 0h 0m 5s)

